<?xml version="1.0" encoding="UTF-8"?>
<!-- Generated by org.testng.reporters.JUnitXMLReporter -->
<testsuite ignored="0" hostname="LAPTOP-JL1T7R5K" failures="0" tests="5" name="Test" time="317.11" errors="0" timestamp="2021-07-17T15:14:21 IST">
  <testcase classname="testScripts.NavigationTest" name="HowToPlayTest" time="61.325"/>
  <testcase classname="testScripts.NavigationTest" name="PromotionsTest" time="173.598"/>
  <testcase classname="testScripts.NavigationTest" name="referAndEarnTest" time="24.666"/>
  <testcase classname="testScripts.NavigationTest" name="instantCashBonusTest" time="24.452"/>
  <testcase classname="testScripts.NavigationTest" name="depositsAndWithdrawlTest" time="31.917"/>
</testsuite> <!-- Test -->
