<?xml version="1.0" encoding="UTF-8"?>
<testng-results ignored="0" total="5" passed="5" failed="0" skipped="0">
  <reporter-output>
  </reporter-output>
  <suite started-at="2021-07-17T15:09:04 IST" name="Suite" finished-at="2021-07-17T15:14:21 IST" duration-ms="317110">
    <groups>
    </groups>
    <test started-at="2021-07-17T15:09:04 IST" name="Test" finished-at="2021-07-17T15:14:21 IST" duration-ms="317110">
      <class name="testScripts.NavigationTest">
        <test-method is-config="true" signature="setExtent()[pri:0, instance:testScripts.NavigationTest@4738a206]" started-at="2021-07-17T15:09:04 IST" name="setExtent" finished-at="2021-07-17T15:09:04 IST" duration-ms="261" status="PASS">
          <reporter-output>
          </reporter-output>
        </test-method> <!-- setExtent -->
        <test-method signature="HowToPlayTest()[pri:0, instance:testScripts.NavigationTest@4738a206]" started-at="2021-07-17T15:09:04 IST" name="HowToPlayTest" finished-at="2021-07-17T15:10:05 IST" duration-ms="61325" status="PASS">
          <reporter-output>
          </reporter-output>
        </test-method> <!-- HowToPlayTest -->
        <test-method signature="PromotionsTest()[pri:1, instance:testScripts.NavigationTest@4738a206]" started-at="2021-07-17T15:10:05 IST" name="PromotionsTest" finished-at="2021-07-17T15:12:59 IST" duration-ms="173598" status="PASS">
          <reporter-output>
          </reporter-output>
        </test-method> <!-- PromotionsTest -->
        <test-method signature="referAndEarnTest()[pri:2, instance:testScripts.NavigationTest@4738a206]" started-at="2021-07-17T15:12:59 IST" name="referAndEarnTest" finished-at="2021-07-17T15:13:24 IST" duration-ms="24666" status="PASS">
          <reporter-output>
          </reporter-output>
        </test-method> <!-- referAndEarnTest -->
        <test-method signature="instantCashBonusTest()[pri:3, instance:testScripts.NavigationTest@4738a206]" started-at="2021-07-17T15:13:24 IST" name="instantCashBonusTest" finished-at="2021-07-17T15:13:48 IST" duration-ms="24452" status="PASS">
          <reporter-output>
          </reporter-output>
        </test-method> <!-- instantCashBonusTest -->
        <test-method signature="depositsAndWithdrawlTest()[pri:4, instance:testScripts.NavigationTest@4738a206]" started-at="2021-07-17T15:13:48 IST" name="depositsAndWithdrawlTest" finished-at="2021-07-17T15:14:20 IST" duration-ms="31917" status="PASS">
          <reporter-output>
          </reporter-output>
        </test-method> <!-- depositsAndWithdrawlTest -->
        <test-method is-config="true" signature="endReport()[pri:0, instance:testScripts.NavigationTest@4738a206]" started-at="2021-07-17T15:14:20 IST" name="endReport" finished-at="2021-07-17T15:14:21 IST" duration-ms="832" status="PASS">
          <reporter-output>
          </reporter-output>
        </test-method> <!-- endReport -->
      </class> <!-- testScripts.NavigationTest -->
    </test> <!-- Test -->
  </suite> <!-- Suite -->
</testng-results>
